<?xml version="1.0" encoding="UTF-8"?>
<testsuite name="sprint1_finals.BTest" tests="3" skipped="0" failures="0" errors="0" timestamp="2023-09-04T17:31:56" hostname="RSM4315" time="0.027">
  <properties/>
  <testcase name="successTest1()" classname="sprint1_finals.BTest" time="0.022"/>
  <testcase name="successTest2()" classname="sprint1_finals.BTest" time="0.001"/>
  <testcase name="successTest3()" classname="sprint1_finals.BTest" time="0.002"/>
  <system-out><![CDATA[]]></system-out>
  <system-err><![CDATA[]]></system-err>
</testsuite>
