<?xml version="1.0" encoding="UTF-8"?>
<testsuite name="sprint3.L.LTest" tests="3" skipped="0" failures="0" errors="0" timestamp="2023-09-17T11:49:47" hostname="RSM4315" time="0.021">
  <properties/>
  <testcase name="successTest1()" classname="sprint3.L.LTest" time="0.018"/>
  <testcase name="successTest2()" classname="sprint3.L.LTest" time="0.001"/>
  <testcase name="successTest3()" classname="sprint3.L.LTest" time="0.001"/>
  <system-out><![CDATA[]]></system-out>
  <system-err><![CDATA[]]></system-err>
</testsuite>
